2026-03-17T14:38:24.331+05:30  INFO 14376 --- [PathSudhaar] [main] c.p.backend.PathSudhaarApplication       : Starting PathSudhaarApplication using Java 21.0.10 with PID 14376 (C:\Users\Abhishek\Documents\NITRR\Projects\Path Sudhaar\backend\target\classes started by Abhishek in C:\Users\Abhishek\Documents\NITRR\Projects\Path Sudhaar)
2026-03-17T14:38:24.352+05:30  INFO 14376 --- [PathSudhaar] [main] c.p.backend.PathSudhaarApplication       : No active profile set, falling back to 1 default profile: "default"
2026-03-17T14:38:26.855+05:30  INFO 14376 --- [PathSudhaar] [main] .s.d.r.c.RepositoryConfigurationDelegate : Bootstrapping Spring Data JPA repositories in DEFAULT mode.
2026-03-17T14:38:27.083+05:30  INFO 14376 --- [PathSudhaar] [main] .s.d.r.c.RepositoryConfigurationDelegate : Finished Spring Data repository scanning in 171 ms. Found 1 JPA repository interface.
2026-03-17T14:38:29.305+05:30  INFO 14376 --- [PathSudhaar] [main] o.s.boot.tomcat.TomcatWebServer          : Tomcat initialized with port 8081 (http)
2026-03-17T14:38:29.349+05:30  INFO 14376 --- [PathSudhaar] [main] o.apache.catalina.core.StandardService   : Starting service [Tomcat]
2026-03-17T14:38:29.349+05:30  INFO 14376 --- [PathSudhaar] [main] o.apache.catalina.core.StandardEngine    : Starting Servlet engine: [Apache Tomcat/11.0.18]
2026-03-17T14:38:29.519+05:30  INFO 14376 --- [PathSudhaar] [main] b.w.c.s.WebApplicationContextInitializer : Root WebApplicationContext: initialization completed in 4918 ms
2026-03-17T14:38:30.189+05:30  INFO 14376 --- [PathSudhaar] [main] org.hibernate.orm.jpa                    : HHH008540: Processing PersistenceUnitInfo [name: default]
2026-03-17T14:38:30.371+05:30  INFO 14376 --- [PathSudhaar] [main] org.hibernate.orm.core                   : HHH000001: Hibernate ORM core version 7.2.4.Final
2026-03-17T14:38:31.834+05:30  INFO 14376 --- [PathSudhaar] [main] o.s.o.j.p.SpringPersistenceUnitInfo      : No LoadTimeWeaver setup: ignoring JPA class transformer
2026-03-17T14:38:31.930+05:30  INFO 14376 --- [PathSudhaar] [main] com.zaxxer.hikari.HikariDataSource       : HikariPool-1 - Starting...
2026-03-17T14:38:32.628+05:30  INFO 14376 --- [PathSudhaar] [main] com.zaxxer.hikari.pool.HikariPool        : HikariPool-1 - Added connection conn0: url=jdbc:h2:file:./data/pathsudhaar_db user=SA
2026-03-17T14:38:32.633+05:30  INFO 14376 --- [PathSudhaar] [main] com.zaxxer.hikari.HikariDataSource       : HikariPool-1 - Start completed.
2026-03-17T14:38:32.757+05:30  WARN 14376 --- [PathSudhaar] [main] org.hibernate.orm.deprecation            : HHH90000025: H2Dialect does not need to be specified explicitly using 'hibernate.dialect' (remove the property setting and it will be selected by default)
2026-03-17T14:38:32.864+05:30  INFO 14376 --- [PathSudhaar] [main] org.hibernate.orm.connections.pooling    : HHH10001005: Database info:
	Database JDBC URL [jdbc:h2:file:./data/pathsudhaar_db]
	Database driver: H2 JDBC Driver
	Database dialect: H2Dialect
	Database version: 2.4.240
	Default catalog/schema: PATHSUDHAAR_DB/PUBLIC
	Autocommit mode: undefined/unknown
	Isolation level: READ_COMMITTED [default READ_COMMITTED]
	JDBC fetch size: 100
	Pool: DataSourceConnectionProvider
	Minimum pool size: undefined/unknown
	Maximum pool size: undefined/unknown
2026-03-17T14:38:34.865+05:30  INFO 14376 --- [PathSudhaar] [main] org.hibernate.orm.core                   : HHH000489: No JTA platform available (set 'hibernate.transaction.jta.platform' to enable JTA platform integration)
2026-03-17T14:38:35.025+05:30  INFO 14376 --- [PathSudhaar] [main] j.LocalContainerEntityManagerFactoryBean : Initialized JPA EntityManagerFactory for persistence unit 'default'
2026-03-17T14:38:35.232+05:30  INFO 14376 --- [PathSudhaar] [main] o.s.d.j.r.query.QueryEnhancerFactories   : Hibernate is in classpath; If applicable, HQL parser will be used.
2026-03-17T14:38:35.566+05:30  WARN 14376 --- [PathSudhaar] [main] JpaBaseConfiguration$JpaWebConfiguration : spring.jpa.open-in-view is enabled by default. Therefore, database queries may be performed during view rendering. Explicitly configure spring.jpa.open-in-view to disable this warning
2026-03-17T14:38:36.371+05:30  INFO 14376 --- [PathSudhaar] [main] o.s.b.h.a.H2ConsoleAutoConfiguration     : H2 console available at '/h2-console'. Database available at 'jdbc:h2:file:./data/pathsudhaar_db'
2026-03-17T14:38:36.537+05:30  INFO 14376 --- [PathSudhaar] [main] o.s.boot.tomcat.TomcatWebServer          : Tomcat started on port 8081 (http) with context path '/'
2026-03-17T14:38:36.552+05:30  INFO 14376 --- [PathSudhaar] [main] c.p.backend.PathSudhaarApplication       : Started PathSudhaarApplication in 13.962 seconds (process running for 15.587)
2026-03-17T14:40:44.836+05:30  INFO 14376 --- [PathSudhaar] [http-nio-8081-exec-1] o.a.c.c.C.[Tomcat].[localhost].[/]       : Initializing Spring DispatcherServlet 'dispatcherServlet'
2026-03-17T14:40:44.836+05:30  INFO 14376 --- [PathSudhaar] [http-nio-8081-exec-1] o.s.web.servlet.DispatcherServlet        : Initializing Servlet 'dispatcherServlet'
2026-03-17T14:40:44.841+05:30  INFO 14376 --- [PathSudhaar] [http-nio-8081-exec-1] o.s.web.servlet.DispatcherServlet        : Completed initialization in 2 ms
2026-03-17T14:41:44.763+05:30  INFO 14376 --- [PathSudhaar] [SpringApplicationShutdownHook] o.s.boot.tomcat.GracefulShutdown         : Commencing graceful shutdown. Waiting for active requests to complete
2026-03-17T14:41:44.846+05:30  INFO 14376 --- [PathSudhaar] [tomcat-shutdown] o.s.boot.tomcat.GracefulShutdown         : Graceful shutdown complete
2026-03-17T14:41:44.862+05:30  INFO 14376 --- [PathSudhaar] [SpringApplicationShutdownHook] j.LocalContainerEntityManagerFactoryBean : Closing JPA EntityManagerFactory for persistence unit 'default'
2026-03-17T14:41:44.878+05:30  INFO 14376 --- [PathSudhaar] [SpringApplicationShutdownHook] com.zaxxer.hikari.HikariDataSource       : HikariPool-1 - Shutdown initiated...
2026-03-17T14:41:44.931+05:30  INFO 14376 --- [PathSudhaar] [SpringApplicationShutdownHook] com.zaxxer.hikari.HikariDataSource       : HikariPool-1 - Shutdown completed.
